
2015-07-27 18:39:55 [INFO] User guest is logged in.
2015-07-27 18:40:02 [INFO] User guest is logged in.
2015-07-27 18:41:07 [INFO] User guest is logged in.
2015-07-27 18:42:28 [INFO] User guest is logged in.
2015-07-27 18:43:57 [ERROR] Username: guest and/or password not found! Please try again.
2015-07-27 18:44:54 [INFO] User guest is logged in.
2015-07-27 18:49:44 [ERROR] Username: fgaifka and/or password not found! Please try again.
2015-07-27 18:50:58 [ERROR] Username: fgaifka and/or password not found! Please try again.
2015-07-27 18:53:08 [ERROR] Username: fgaifka and/or password not found! Please try again.
2015-07-27 18:53:28 [ERROR] Username: fiohfwq and/or password not found! Please try again.
2015-07-27 18:54:02 [ERROR] Username: fiohfwq and/or password not found! Please try again.
2015-07-27 18:54:16 [ERROR] Username: fiohfwq and/or password not found! Please try again.
2015-07-27 18:54:51 [ERROR] Username: fiohfwq and/or password not found! Please try again.
2015-07-27 18:55:17 [ERROR] Username: fiohfwq and/or password not found! Please try again.
2015-07-27 18:55:25 [ERROR] Username: fiohfwq and/or password not found! Please try again.
2015-07-27 18:55:53 [ERROR] Username: fiohfwq and/or password not found! Please try again.
2015-07-27 18:57:04 [ERROR] Username: fiohfwq and/or password not found! Please try again.
2015-07-27 18:57:12 [ERROR] Username: fiohfwq and/or password not found! Please try again.
2015-07-27 18:57:17 [ERROR] Username: fiohfwq and/or password not found! Please try again.
2015-07-27 18:57:23 [ERROR] Username: fiohfwq and/or password not found! Please try again.
2015-07-27 18:57:28 [ERROR] Username: fiohfwq and/or password not found! Please try again.
2015-07-27 18:57:32 [ERROR] Username: fiohfwq and/or password not found! Please try again.
2015-07-27 18:57:37 [ERROR] Username: fiohfwq and/or password not found! Please try again.
2015-07-27 18:58:36 [INFO] User guest is logged in.
2015-07-27 20:14:10 [INFO] User guest is logged in.
2015-07-27 20:14:26 [ERROR] Username: iugfyjg and/or password not found! Please try again.